C:\Program Files (x86)\Microsoft Visual Studio\2019\Community\MSBuild\Microsoft\VC\v160\Microsoft.CppCommon.targets(39,5): warning MSB4211: The property "IntermediateOutputPath" is being set to a value for the first time, but it was already consumed at "C:\Program Files (x86)\Microsoft Visual Studio\2019\Community\MSBuild\Microsoft\VC\v160\Microsoft.CppCommon.targets (38,5)".
C:\Program Files (x86)\Microsoft Visual Studio\2019\Community\MSBuild\Microsoft\VC\v160\Microsoft.BuildSteps.Targets(30,5): warning MSB4211: The property "DebugType" is being set to a value for the first time, but it was already consumed at "C:\Program Files (x86)\Microsoft Visual Studio\2019\Community\MSBuild\Microsoft\VC\v160\Microsoft.BuildSteps.Targets (29,5)".
C:\Program Files (x86)\Microsoft Visual Studio\2019\Community\MSBuild\Current\Bin\Microsoft.Common.CurrentVersion.targets(373,5): warning MSB4211: The property "CleanFile" is being set to a value for the first time, but it was already consumed at "C:\Program Files (x86)\Microsoft Visual Studio\2019\Community\MSBuild\Microsoft\VC\v160\Microsoft.CppCommon.targets (38,5)".
client.obj : warning LNK4075: ignoring '/EDITANDCONTINUE' due to '/SAFESEH' specification
client.obj : error LNK2019: unresolved external symbol _wolfSSL_Malloc referenced in function _ClientBenchmarkThroughput
client.obj : error LNK2019: unresolved external symbol _wolfSSL_Free referenced in function _ClientBenchmarkThroughput
client.obj : error LNK2019: unresolved external symbol _wc_InitRng referenced in function _ClientBenchmarkThroughput
client.obj : error LNK2019: unresolved external symbol _wc_RNG_GenerateBlock referenced in function _ClientBenchmarkThroughput
client.obj : error LNK2019: unresolved external symbol _wc_FreeRng referenced in function _ClientBenchmarkThroughput
client.obj : error LNK2019: unresolved external symbol _wolfIO_Send referenced in function _SimulateWantWriteIOSendCb
client.obj : error LNK2019: unresolved external symbol _wolfSSL_CTX_SetIOSend referenced in function _client_test@4
client.obj : error LNK2019: unresolved external symbol _wolfTLSv1_1_client_method_ex referenced in function _client_test@4
client.obj : error LNK2019: unresolved external symbol _wolfTLSv1_2_client_method_ex referenced in function _client_test@4
client.obj : error LNK2019: unresolved external symbol _wolfSSLv23_method_ex referenced in function _client_test@4
client.obj : error LNK2019: unresolved external symbol _wolfSSLv23_client_method_ex referenced in function _client_test@4
client.obj : error LNK2019: unresolved external symbol _wolfSSL_CTX_use_PrivateKey_file referenced in function _client_test@4
client.obj : error LNK2019: unresolved external symbol _wolfSSL_CTX_load_verify_locations_ex referenced in function _client_test@4
client.obj : error LNK2019: unresolved external symbol _wolfSSL_CTX_use_certificate_chain_file referenced in function _client_test@4
client.obj : error LNK2019: unresolved external symbol _wolfSSL_use_PrivateKey_file referenced in function _client_test@4
client.obj : error LNK2019: unresolved external symbol _wolfSSL_use_certificate_chain_file referenced in function _client_test@4
client.obj : error LNK2019: unresolved external symbol _wolfSSL_CTX_new referenced in function _client_test@4
client.obj : error LNK2019: unresolved external symbol _wolfSSL_get_signature_nid referenced in function _showPeerEx
client.obj : error LNK2019: unresolved external symbol _wolfSSL_new referenced in function _ClientBenchmarkConnections
client.obj : error LNK2019: unresolved external symbol _wolfSSL_set_fd referenced in function _ClientBenchmarkConnections
client.obj : error LNK2019: unresolved external symbol _wolfSSL_get_ciphers referenced in function _ShowCiphers
client.obj : error LNK2019: unresolved external symbol _wolfSSL_get_cipher_name_from_suite referenced in function _client_test@4
client.obj : error LNK2019: unresolved external symbol _wolfSSL_get_cipher_name_iana_from_suite referenced in function _client_test@4
client.obj : error LNK2019: unresolved external symbol _wolfSSL_get_cipher_suite_from_name referenced in function _client_test@4
client.obj : error LNK2019: unresolved external symbol _wolfSSL_get_curve_name referenced in function _showPeerEx
client.obj : error LNK2019: unresolved external symbol _wolfSSL_get_fd referenced in function _NonBlockingSSL_Connect
client.obj : error LNK2019: unresolved external symbol _wolfSSL_connect referenced in function _ClientBenchmarkConnections
client.obj : error LNK2019: unresolved external symbol _wolfSSL_write referenced in function _ClientBenchmarkThroughput
client.obj : error LNK2019: unresolved external symbol _wolfSSL_read referenced in function _ClientBenchmarkThroughput
client.obj : error LNK2019: unresolved external symbol _wolfSSL_CTX_free referenced in function _client_test@4
client.obj : error LNK2019: unresolved external symbol _wolfSSL_free referenced in function _ClientBenchmarkConnections
client.obj : error LNK2019: unresolved external symbol _wolfSSL_shutdown referenced in function _ClientBenchmarkConnections
client.obj : error LNK2019: unresolved external symbol _wolfSSL_get_error referenced in function _ClientBenchmarkConnections
client.obj : error LNK2019: unresolved external symbol _wolfSSL_set_session referenced in function _ClientBenchmarkConnections
client.obj : error LNK2019: unresolved external symbol _wolfSSL_CTX_set_verify referenced in function _client_test@4
client.obj : error LNK2019: unresolved external symbol _wolfSSL_CTX_set_cipher_list referenced in function _client_test@4
client.obj : error LNK2019: unresolved external symbol _wolfSSL_dtls referenced in function _NonBlockingSSL_Connect
client.obj : error LNK2019: unresolved external symbol _wolfSSL_dtls_set_peer referenced in function _tcp_connect
client.obj : error LNK2019: unresolved external symbol _wolfSSL_ERR_error_string referenced in function _ClientRead
client.obj : error LNK2019: unresolved external symbol _wolfSSL_session_reused referenced in function _client_test@4
client.obj : error LNK2019: unresolved external symbol _wolfSSL_SESSION_free referenced in function _ClientBenchmarkConnections
client.obj : error LNK2019: unresolved external symbol _wolfSSL_get_version referenced in function _showPeerEx
client.obj : error LNK2019: unresolved external symbol _wolfSSL_get_current_cipher referenced in function _client_test@4
client.obj : error LNK2019: unresolved external symbol _wolfSSL_CIPHER_get_name referenced in function _showPeerEx
client.obj : error LNK2019: unresolved external symbol _wolfSSL_CIPHER_get_id referenced in function _client_test@4
client.obj : error LNK2019: unresolved external symbol _wolfSSL_get1_session referenced in function _ClientBenchmarkConnections
client.obj : error LNK2019: unresolved external symbol _wolfSSL_X509_NAME_oneline referenced in function _ShowX509Ex
client.obj : error LNK2019: unresolved external symbol _wolfSSL_X509_get_issuer_name referenced in function _ShowX509Ex
client.obj : error LNK2019: unresolved external symbol _wolfSSL_X509_get_subject_name referenced in function _ShowX509Ex
client.obj : error LNK2019: unresolved external symbol _wolfSSL_CTX_set_default_passwd_cb referenced in function _client_test@4
client.obj : error LNK2019: unresolved external symbol _wolfSSL_CTX_get_read_ahead referenced in function _client_test@4
client.obj : error LNK2019: unresolved external symbol _wolfSSL_CTX_set_read_ahead referenced in function _client_test@4
client.obj : error LNK2019: unresolved external symbol _wolfSSL_get_peer_certificate referenced in function _showPeerEx
client.obj : error LNK2019: unresolved external symbol _wolfSSL_i2d_SSL_SESSION referenced in function _client_test@4
client.obj : error LNK2019: unresolved external symbol _wolfSSL_check_domain_name referenced in function _client_test@4
client.obj : error LNK2019: unresolved external symbol _wolfSSL_Init referenced in function _main
client.obj : error LNK2019: unresolved external symbol _wolfSSL_Cleanup referenced in function _main
client.obj : error LNK2019: unresolved external symbol _wolfSSL_X509_free referenced in function _showPeerEx
client.obj : error LNK2019: unresolved external symbol _wolfSSL_X509_get_serial_number referenced in function _ShowX509Ex
client.obj : error LNK2019: unresolved external symbol _wolfSSL_X509_get_next_altname referenced in function _ShowX509Ex
client.obj : error LNK2019: unresolved external symbol _wolfSSL_SetEnableDhKeyTest referenced in function _client_test@4
client.obj : error LNK2019: unresolved external symbol _wolfSSL_CTX_SetMinDhKey_Sz referenced in function _client_test@4
client.obj : error LNK2019: unresolved external symbol _wolfSSL_GetDhKey_Sz referenced in function _showPeerEx
client.obj : error LNK2019: unresolved external symbol _wolfSSL_CTX_set_group_messages referenced in function _client_test@4
client.obj : error LNK2019: unresolved external symbol _wolfSSL_CTX_SetMinVersion referenced in function _client_test@4
client.obj : error LNK2019: unresolved external symbol _wolfSSL_GetObjectSize referenced in function _client_test@4
client.obj : error LNK2019: unresolved external symbol _wolfSSL_KeepArrays referenced in function _client_test@4
client.obj : error LNK2019: unresolved external symbol _wolfSSL_OBJ_nid2sn referenced in function _showPeerEx
client.obj : error LNK2019: unresolved external symbol _wolfSSL_get_client_random referenced in function _client_test@4
client.obj : error LNK2019: unresolved external symbol _wolfSSL_get_timeout referenced in function _client_test@4
D:\wolfssl\wolfssl-5.3.0\examples\client\Debug\client.exe : fatal error LNK1120: 70 unresolved externals
