cl : command line warning D9035: option 'Gm' has been deprecated and will be removed in a future release
  wolfevent.c
  wolfmath.c
  wc_port.c
  wc_pkcs11.c
  wc_encrypt.c
  tfm.c
  srp.c
  sp_x86_64.c
  sp_int.c
  sp_c64.c
  sp_c32.c
  signature.c
  sha512.c
  sha3.c
  sha256.c
  sha.c
  rsa.c
  ripemd.c
  rc2.c
  random.c
  Generating Code...
  Compiling...
  pwdbased.c
  poly1305.c
  pkcs12.c
  pkcs7.c
  memory.c
  md5.c
  md4.c
  md2.c
  logging.c
  kdf.c
  integer.c
  hmac.c
  hash.c
  ge_operations.c
  ge_low_mem.c
  ge_448.c
  fe_operations.c
  fe_low_mem.c
  fe_448.c
  error.c
  Generating Code...
  Compiling...
  ed448.c
  ed25519.c
  ecc.c
  dsa.c
  dh.c
  des3.c
  cpuid.c
  curve448.c
  curve25519.c
  coding.c
  cmac.c
  chacha20_poly1305.c
  chacha.c
  camellia.c
  blake2s.c
  blake2b.c
  asn.c
  arc4.c
  aes.c
  tls13.c
  Generating Code...
  Compiling...
  tls.c
  ssl.c
  ocsp.c
  keys.c
  wolfio.c
  internal.c
  crl.c
  Generating Code...
  wolfssl.vcxproj -> D:\wolfssl\wolfssl-5.3.0\Debug\Win32\wolfssl.lib
